#
# There is insufficient memory for the Java Runtime Environment to continue.
# Native memory allocation (mmap) failed to map 100663296 bytes. Error detail: G1 virtual space
# Possible reasons:
#   The system is out of physical RAM or swap space
#   This process is running with CompressedOops enabled, and the Java Heap may be blocking the growth of the native heap
# Possible solutions:
#   Reduce memory load on the system
#   Increase physical memory or swap space
#   Check if swap backing store is full
#   Decrease Java heap size (-Xmx/-Xms)
#   Decrease number of Java threads
#   Decrease Java thread stack sizes (-Xss)
#   Set larger code cache with -XX:ReservedCodeCacheSize=
#   JVM is running with Unscaled Compressed Oops mode in which the Java heap is
#     placed in the first 4GB address space. The Java Heap base address is the
#     maximum limit for the native heap growth. Please use -XX:HeapBaseMinAddress
#     to set the Java Heap base and to place the Java Heap above 4GB virtual address.
# This output file may be truncated or incomplete.
#
#  Out of Memory Error (os_windows.cpp:3828), pid=6684, tid=21088
#
# JRE version:  (21.0.4) (build )
# Java VM: OpenJDK 64-Bit Server VM (21.0.4+-12508038-b607.1, mixed mode, sharing, tiered, compressed oops, compressed class ptrs, g1 gc, windows-amd64)
# No core dump will be written. Minidumps are not enabled by default on client versions of Windows
#

---------------  S U M M A R Y ------------

Command Line: org.jetbrains.kotlin.cli.jvm.K2JVMCompiler @D:\Rifqi Irfansyah\KULIAH\Semester 4\PROYEK4\PeakForm\app\build\20250429_8178934596815356077.compiler.options

Host: AMD Ryzen 5 3500U with Radeon Vega Mobile Gfx  , 8 cores, 5G,  Windows 10 , 64 bit Build 19041 (10.0.19041.3636)
Time: Tue Apr 29 21:07:59 2025 SE Asia Standard Time elapsed time: 0.014576 seconds (0d 0h 0m 0s)

---------------  T H R E A D  ---------------

Current thread (0x000002be31c0e300):  JavaThread "Unknown thread" [_thread_in_vm, id=21088, stack(0x000000e4a0a00000,0x000000e4a0b00000) (1024K)]

Stack: [0x000000e4a0a00000,0x000000e4a0b00000]
Native frames: (J=compiled Java code, j=interpreted, Vv=VM code, C=native code)
V  [jvm.dll+0x6ce539]
V  [jvm.dll+0x85bf03]
V  [jvm.dll+0x85e45e]
V  [jvm.dll+0x85eb43]
V  [jvm.dll+0x27dd06]
V  [jvm.dll+0x6cada5]
V  [jvm.dll+0x6bf27a]
V  [jvm.dll+0x3541fb]
V  [jvm.dll+0x35be36]
V  [jvm.dll+0x3adbc6]
V  [jvm.dll+0x3ade98]
V  [jvm.dll+0x32691c]
V  [jvm.dll+0x32760b]
V  [jvm.dll+0x823959]
V  [jvm.dll+0x3bacf8]
V  [jvm.dll+0x80cd58]
V  [jvm.dll+0x44ef2e]
V  [jvm.dll+0x450691]
C  [jli.dll+0x52ab]
C  [ucrtbase.dll+0x21bb2]
C  [KERNEL32.DLL+0x17344]
C  [ntdll.dll+0x526b1]


---------------  P R O C E S S  ---------------

Threads class SMR info:
_java_thread_list=0x00007ffec6eaa808, length=0, elements={
}

Java Threads: ( => current thread )
Total: 0

Other Threads:
  0x000002be33e02990 WorkerThread "GC Thread#0"                     [id=10484, stack(0x000000e4a0b00000,0x000000e4a0c00000) (1024K)]
  0x000002be33e0ff70 ConcurrentGCThread "G1 Main Marker"            [id=17180, stack(0x000000e4a0c00000,0x000000e4a0d00000) (1024K)]
  0x000002be33e10970 WorkerThread "G1 Conc#0"                       [id=4404, stack(0x000000e4a0d00000,0x000000e4a0e00000) (1024K)]

[error occurred during error reporting (printing all threads), id 0xc0000005, EXCEPTION_ACCESS_VIOLATION (0xc0000005) at pc=0x00007ffec66a9957]
VM state: not at safepoint (not fully initialized)

VM Mutex/Monitor currently owned by a thread:  ([mutex/lock_event])
[0x00007ffec6f173f8] Heap_lock - owner thread: 0x000002be31c0e300

Heap address: 0x00000000a1400000, size: 1516 MB, Compressed Oops mode: 32-bit

CDS archive(s) mapped at: [0x0000000000000000-0x0000000000000000-0x0000000000000000), size 0, SharedBaseAddress: 0x0000000800000000, ArchiveRelocationMode: 1.
Narrow klass base: 0x0000000000000000, Narrow klass shift: 0, Narrow klass range: 0x0

GC Precious Log:
 CardTable entry size: 512
 Card Set container configuration: InlinePtr #cards 5 size 8 Array Of Cards #cards 12 size 40 Howl #buckets 4 coarsen threshold 1843 Howl Bitmap #cards 512 size 80 coarsen threshold 460 Card regions per heap region 1 cards per card region 2048

Heap:
 garbage-first heap   total 0K, used 0K [0x00000000a1400000, 0x0000000100000000)
  region size 1024K, 0 young (0K), 0 survivors (0K)
 Metaspace       used 0K, committed 0K, reserved 0K
  class space    used 0K, committed 0K, reserved 0K

Heap Regions: E=young(eden), S=young(survivor), O=old, HS=humongous(starts), HC=humongous(continues), CS=collection set, F=free, TAMS=top-at-mark-start, PB=parsable bottom

Card table byte_map: [0x000002be46540000,0x000002be46840000] _byte_map_base: 0x000002be46036000

Marking Bits: (CMBitMap*) 0x000002be33e02f90
 Bits: [0x000002be46840000, 0x000002be47ff0000)

GC Heap History (0 events):
No events

Dll operation events (1 events):
Event: 0.008 Loaded shared library D:\Aplikasi\Android Studio 2024\Setup\jbr\bin\java.dll

Deoptimization events (0 events):
No events

Classes loaded (0 events):
No events

Classes unloaded (0 events):
No events

Classes redefined (0 events):
No events

Internal exceptions (0 events):
No events

ZGC Phase Switch (0 events):
No events

VM Operations (0 events):
No events

Memory protections (0 events):
No events

Nmethod flushes (0 events):
No events

Events (0 events):
No events


Dynamic libraries:
0x00007ff7561c0000 - 0x00007ff7561ca000 	D:\Aplikasi\Android Studio 2024\Setup\jbr\bin\java.exe
0x00007fff6e8d0000 - 0x00007fff6eac8000 	C:\windows\SYSTEM32\ntdll.dll
0x00007fff6cea0000 - 0x00007fff6cf5d000 	C:\windows\System32\KERNEL32.DLL
0x00007fff6c110000 - 0x00007fff6c406000 	C:\windows\System32\KERNELBASE.dll
0x00007fff6bf80000 - 0x00007fff6c080000 	C:\windows\System32\ucrtbase.dll
0x00007fff64ac0000 - 0x00007fff64adb000 	D:\Aplikasi\Android Studio 2024\Setup\jbr\bin\VCRUNTIME140.dll
0x00007fff64980000 - 0x00007fff64998000 	D:\Aplikasi\Android Studio 2024\Setup\jbr\bin\jli.dll
0x00007fff51660000 - 0x00007fff518fa000 	C:\windows\WinSxS\amd64_microsoft.windows.common-controls_6595b64144ccf1df_6.0.19041.3636_none_60b6a03d71f818d5\COMCTL32.dll
0x00007fff6c9b0000 - 0x00007fff6cb4e000 	C:\windows\System32\USER32.dll
0x00007fff6d4b0000 - 0x00007fff6d54e000 	C:\windows\System32\msvcrt.dll
0x00007fff6d550000 - 0x00007fff6d57b000 	C:\windows\System32\GDI32.dll
0x00007fff6c4c0000 - 0x00007fff6c4e2000 	C:\windows\System32\win32u.dll
0x00007fff6c790000 - 0x00007fff6c8a7000 	C:\windows\System32\gdi32full.dll
0x00007fff6c6f0000 - 0x00007fff6c78d000 	C:\windows\System32\msvcp_win.dll
0x00007fff6d730000 - 0x00007fff6d762000 	C:\windows\System32\IMM32.DLL
0x00007fff679b0000 - 0x00007fff679bc000 	D:\Aplikasi\Android Studio 2024\Setup\jbr\bin\vcruntime140_1.dll
0x00007fff53e90000 - 0x00007fff53f1d000 	D:\Aplikasi\Android Studio 2024\Setup\jbr\bin\msvcp140.dll
0x00007ffec6370000 - 0x00007ffec6ff3000 	D:\Aplikasi\Android Studio 2024\Setup\jbr\bin\server\jvm.dll
0x00007fff6cdf0000 - 0x00007fff6cea0000 	C:\windows\System32\ADVAPI32.dll
0x00007fff6dee0000 - 0x00007fff6df80000 	C:\windows\System32\sechost.dll
0x00007fff6df80000 - 0x00007fff6e0a5000 	C:\windows\System32\RPCRT4.dll
0x00007fff6c560000 - 0x00007fff6c587000 	C:\windows\System32\bcrypt.dll
0x00007fff6e160000 - 0x00007fff6e1cb000 	C:\windows\System32\WS2_32.dll
0x00007fff61490000 - 0x00007fff6149a000 	C:\windows\SYSTEM32\VERSION.dll
0x00007fff61460000 - 0x00007fff61487000 	C:\windows\SYSTEM32\WINMM.dll
0x00007fff6bde0000 - 0x00007fff6be2b000 	C:\windows\SYSTEM32\POWRPROF.dll
0x00007fff6bdc0000 - 0x00007fff6bdd2000 	C:\windows\SYSTEM32\UMPDC.dll
0x00007fff69e30000 - 0x00007fff69e42000 	C:\windows\SYSTEM32\kernel.appcore.dll
0x00007fff665f0000 - 0x00007fff665fa000 	D:\Aplikasi\Android Studio 2024\Setup\jbr\bin\jimage.dll
0x00007fff63240000 - 0x00007fff63424000 	C:\windows\SYSTEM32\DBGHELP.DLL
0x00007fff5aa10000 - 0x00007fff5aa44000 	C:\windows\SYSTEM32\dbgcore.DLL
0x00007fff6c080000 - 0x00007fff6c102000 	C:\windows\System32\bcryptPrimitives.dll
0x00007fff649d0000 - 0x00007fff649f0000 	D:\Aplikasi\Android Studio 2024\Setup\jbr\bin\java.dll

dbghelp: loaded successfully - version: 4.0.5 - missing functions: none
symbol engine: initialized successfully - sym options: 0x614 - pdb path: .;D:\Aplikasi\Android Studio 2024\Setup\jbr\bin;C:\windows\SYSTEM32;C:\windows\WinSxS\amd64_microsoft.windows.common-controls_6595b64144ccf1df_6.0.19041.3636_none_60b6a03d71f818d5;D:\Aplikasi\Android Studio 2024\Setup\jbr\bin\server

VM Arguments:
java_command: org.jetbrains.kotlin.cli.jvm.K2JVMCompiler @D:\Rifqi Irfansyah\KULIAH\Semester 4\PROYEK4\PeakForm\app\build\20250429_8178934596815356077.compiler.options
java_class_path (initial): D:\Aplikasi\Android Studio 2024\.gradle\caches\modules-2\files-2.1\org.jetbrains.kotlin\kotlin-compiler-embeddable\2.0.0\1de310de3446414381282ffc46c3ed3919a4d1da\kotlin-compiler-embeddable-2.0.0.jar;D:\Aplikasi\Android Studio 2024\.gradle\caches\modules-2\files-2.1\org.jetbrains.kotlin\kotlin-stdlib\2.0.0\b48df2c4aede9586cc931ead433bc02d6fd7879e\kotlin-stdlib-2.0.0.jar;D:\Aplikasi\Android Studio 2024\.gradle\caches\modules-2\files-2.1\org.jetbrains.kotlin\kotlin-script-runtime\2.0.0\fdc27dd047d592fa41d2dfa21e7621287a361612\kotlin-script-runtime-2.0.0.jar;D:\Aplikasi\Android Studio 2024\.gradle\caches\modules-2\files-2.1\org.jetbrains.kotlin\kotlin-reflect\1.6.10\1cbe9c92c12a94eea200d23c2bbaedaf3daf5132\kotlin-reflect-1.6.10.jar;D:\Aplikasi\Android Studio 2024\.gradle\caches\modules-2\files-2.1\org.jetbrains.kotlin\kotlin-daemon-embeddable\2.0.0\b39c612768614c4428c96ee9c65477181fffe9d\kotlin-daemon-embeddable-2.0.0.jar;D:\Aplikasi\Android Studio 2024\.gradle\caches\modules-2\files-2.1\org.jetbrains.intellij.deps\trove4j\1.0.20200330\3afb14d5f9ceb459d724e907a21145e8ff394f02\trove4j-1.0.20200330.jar;D:\Aplikasi\Android Studio 2024\.gradle\caches\modules-2\files-2.1\org.jetbrains\annotations\13.0\919f0dfe192fb4e063e7dacadee7f8bb9a2672a9\annotations-13.0.jar
Launcher Type: SUN_STANDARD

[Global flags]
     intx CICompilerCount                          = 4                                         {product} {ergonomic}
     uint ConcGCThreads                            = 2                                         {product} {ergonomic}
     uint G1ConcRefinementThreads                  = 8                                         {product} {ergonomic}
   size_t G1HeapRegionSize                         = 1048576                                   {product} {ergonomic}
    uintx GCDrainStackTargetSize                   = 64                                        {product} {ergonomic}
   size_t InitialHeapSize                          = 100663296                                 {product} {ergonomic}
   size_t MarkStackSize                            = 4194304                                   {product} {ergonomic}
   size_t MaxHeapSize                              = 1589641216                                {product} {ergonomic}
   size_t MinHeapDeltaBytes                        = 1048576                                   {product} {ergonomic}
   size_t MinHeapSize                              = 8388608                                   {product} {ergonomic}
    uintx NonNMethodCodeHeapSize                   = 5839372                                {pd product} {ergonomic}
    uintx NonProfiledCodeHeapSize                  = 122909434                              {pd product} {ergonomic}
    uintx ProfiledCodeHeapSize                     = 122909434                              {pd product} {ergonomic}
    uintx ReservedCodeCacheSize                    = 251658240                              {pd product} {ergonomic}
     bool SegmentedCodeCache                       = true                                      {product} {ergonomic}
   size_t SoftMaxHeapSize                          = 1589641216                             {manageable} {ergonomic}
     bool UseCompressedOops                        = true                           {product lp64_product} {ergonomic}
     bool UseG1GC                                  = true                                      {product} {ergonomic}
     bool UseLargePagesIndividualAllocation        = false                                  {pd product} {ergonomic}

Logging:
Log output configuration:
 #0: stdout all=warning uptime,level,tags foldmultilines=false
 #1: stderr all=off uptime,level,tags foldmultilines=false

Environment Variables:
JAVA_HOME=D:\Aplikasi\jdk-22.0.2
PATH=C:\windows\system32;C:\windows;C:\windows\System32\Wbem;C:\windows\System32\WindowsPowerShell\v1.0\;C:\windows\System32\OpenSSH\;C:\xampp\php;C:\ProgramData\ComposerSetup\bin;C:\Program Files\Git\cmd;C:\Program Files\dotnet\;C:\TDM-GCC-64\bin;D:\Aplikasi\node js\;D:\Aplikasi\sonar-scanner-6.2.1.4610-windows-x64\bin;D:\Aplikasi\jdk-17\bin;D:\Aplikasi\jdk-22.0.2\bin;D:\Aplikasi\Go\bin;C:\Program Files\gs\gs10.05.0\bin;C:\Users\HP\AppData\Local\Programs\Python\Python311\Scripts\;C:\Users\HP\AppData\Local\Programs\Python\Python311\;C:\Users\HP\AppData\Local\Microsoft\WindowsApps;C:\Users\HP\AppData\Local\Programs\Microsoft VS Code\bin;C:\Users\HP\AppData\Roaming\Composer\vendor\bin;C:\Program Files\nodejs\;C:\Users\HP\AppData\Roaming\npm;D:\Rifqi Irfansyah\BELAJAR\flutter\bin;D:\Aplikasi\jdk-22.0.2;D:\Aplikasi\sonar-scanner-4.5.0.2216-windows\bin;C:\Users\HP\go\bin;C:\Users\HP\AppData\Local\Programs\Python\Python37-32\Scripts;C:\Users\HP\AppData\Local\Programs\Python\Python37-32;C:\Program Files\gs\gs10.05.0
USERNAME=HP
OS=Windows_NT
PROCESSOR_IDENTIFIER=AMD64 Family 23 Model 24 Stepping 1, AuthenticAMD
TMP=C:\Users\HP\AppData\Local\Temp
TEMP=C:\Users\HP\AppData\Local\Temp




Periodic native trim disabled

JNI global refs:
JNI global refs: 0, weak refs: 0

JNI global refs memory usage: 0, weak refs: 0

Process memory usage:
Resident Set Size: 10636K (0% of 6203232K total physical memory with 381420K free physical memory)

OOME stack traces (most recent first):
Classloader memory used:

---------------  S Y S T E M  ---------------

OS:
 Windows 10 , 64 bit Build 19041 (10.0.19041.3636)
OS uptime: 0 days 4:02 hours

CPU: total 8 (initial active 8) (8 cores per cpu, 2 threads per core) family 23 model 24 stepping 1 microcode 0x0, cx8, cmov, fxsr, ht, mmx, 3dnowpref, sse, sse2, sse3, ssse3, sse4a, sse4.1, sse4.2, popcnt, lzcnt, tsc, tscinvbit, avx, avx2, aes, clmul, bmi1, bmi2, adx, sha, fma, vzeroupper, clflush, clflushopt, rdtscp, f16c
Processor Information for all 8 processors :
  Max Mhz: 2100, Current Mhz: 2100, Mhz Limit: 2100

Memory: 4k page, system-wide physical 6057M (372M free)
TotalPageFile size 12406M (AvailPageFile size 29M)
current process WorkingSet (physical memory assigned to process): 10M, peak: 10M
current process commit charge ("private bytes"): 60M, peak: 155M

vm_info: OpenJDK 64-Bit Server VM (21.0.4+-12508038-b607.1) for windows-amd64 JRE (21.0.4+-12508038-b607.1), built on 2024-10-16T17:23:34Z by "builder" with MS VC++ 16.10 / 16.11 (VS2019)

END.
